execve("./lkvm", ["./lkvm", "run", "-k", "../linux-5_x86_syscalls/arch/x86"..., "-d", "../x86.img"], [/* 14 vars */]) = 0
arch_prctl(ARCH_SET_FS, 0x52a750)       = 0
set_tid_address(0x52a788)               = 1107
mkdir("/root//.lkvm/", 0777)            = -1 EEXIST (File exists)
open("/root//.lkvm/", O_RDONLY|O_NONBLOCK|O_CLOEXEC|O_PATH) = 3
readlink("/proc/self/fd/3", "/root/.lkvm", 4095) = 11
fstat(3, {st_mode=S_IFDIR|0755, st_size=4096, ...}) = 0
stat("/root/.lkvm", {st_mode=S_IFDIR|0755, st_size=4096, ...}) = 0
close(3)                                = 0
brk(NULL)                               = 0x54c000
brk(0x54d000)                           = 0x54d000
sched_getaffinity(0, 128, [0, 1, 2, 3, 4, 5, 6, 7, 8, 9, 10, 11, 12, 13, 14, 15, 16, 17, 18, 19, 20, 21, 22, 23, 24, 25, 26, 27, 28, 29, 30, 31]) = 64
stat("../x86.img", {st_mode=S_IFREG|0644, st_size=4294967296, ...}) = 0
stat("../x86.img", {st_mode=S_IFREG|0644, st_size=4294967296, ...}) = 0
stat("vmlinux", 0x3fffffc930)           = -1 ENOENT (No such file or directory)
stat("../../../vmlinux", 0x3fffffc930)  = -1 ENOENT (No such file or directory)
stat("../../vmlinux", 0x3fffffc930)     = -1 ENOENT (No such file or directory)
sysinfo({uptime=589205, loads=[17664, 8000, 2912], totalram=201437011968, freeram=179173056512, sharedram=9826304, bufferram=270397440, totalswap=0, freeswap=0, procs=347, totalhigh=0, freehigh=0, mem_unit=1}) = 0
sysinfo({uptime=589205, loads=[17664, 8000, 2912], totalram=201437011968, freeram=179173056512, sharedram=9826304, bufferram=270397440, totalswap=0, freeswap=0, procs=347, totalhigh=0, freehigh=0, mem_unit=1}) = 0
getpid()                                = 1107
open("/dev/kvm", O_RDWR)                = 3
ioctl(3, KVM_GET_API_VERSION, 0)        = 12
ioctl(3, KVM_CREATE_VM, 0)              = 4
ioctl(3, KVM_CHECK_EXTENSION, 0xf)      = 2
ioctl(3, KVM_CHECK_EXTENSION, 0x4)      = 1
ioctl(3, KVM_CHECK_EXTENSION, 0x21)     = 1
ioctl(3, KVM_CHECK_EXTENSION, 0x3)      = 1
ioctl(3, KVM_CHECK_EXTENSION, 0x19)     = 4096
ioctl(3, KVM_CHECK_EXTENSION, 0)        = 1
ioctl(3, KVM_CHECK_EXTENSION, 0x1)      = 1
ioctl(3, KVM_CHECK_EXTENSION, 0x1a)     = 1
ioctl(3, KVM_CHECK_EXTENSION, 0x7)      = 1
ioctl(4, KVM_SET_TSS_ADDR, 0xfffbd000)  = 0
ioctl(4, KVM_CREATE_PIT2, 0x3fffffc8c8) = 0
mmap(NULL, 2348810240, PROT_READ|PROT_WRITE, MAP_PRIVATE|MAP_ANONYMOUS|MAP_NORESERVE, -1, 0) = 0x3f6bffb000
madvise(0x3f6bffb000, 2348810240, MADV_MERGEABLE) = -1 EINVAL (Invalid argument)
ioctl(4, KVM_CREATE_IRQCHIP, 0xc)       = 0
ioctl(4, KVM_SET_USER_MEMORY_REGION, 0x3fffffc868) = 0
open("../linux-5_x86_syscalls/arch/x86/boot/bzImage", O_RDONLY) = 5
read(5, "MZ\352\7\0\300\7\214\310\216\330\216\300\216\3201\344\373\374\276@\0\254 \300t\t\264\16\273\7\0"..., 4096) = 4096
lseek(5, 0, SEEK_SET)                   = 0
read(5, "MZ\352\7\0\300\7\214\310\216\330\216\300\216\3201\344\373\374\276@\0\254 \300t\t\264\16\273\7\0"..., 17408) = 17408
read(5, "\374\366\206\21\2\0\0@u\f\372\270\30\0\0\0\216\330\216\300\216\320\215\246\350\1\0\0\350\0\0\0"..., 2347761664) = 4190880
read(5, "", 2343570784)                 = 0
read(5, "", 1)                          = 0
close(5)                                = 0
socket(AF_UNIX, SOCK_STREAM, 0)         = 5
bind(5, {sa_family=AF_UNIX, sun_path="/guest-1107.sock"}, 18) = 0
listen(5, 5)                            = 0
epoll_create1(0)                        = 6
epoll_ctl(6, EPOLL_CTL_ADD, 5, {EPOLLIN|EPOLLET, {u32=5, u64=5}}) = 0
eventfd2(0, 0)                          = 7
epoll_ctl(6, EPOLL_CTL_ADD, 7, {EPOLLIN|EPOLLET, {u32=7, u64=7}}) = 0
rt_sigprocmask(SIG_UNBLOCK, [RT_1 RT_2], NULL, 8) = 0
mmap(NULL, 8396800, PROT_NONE, MAP_PRIVATE|MAP_ANONYMOUS, -1, 0) = 0x3f6b7f9000
mprotect(0x3f6b7fa000, 8392704, PROT_READ|PROT_WRITE) = 0
clone(child_stack=0x3f6bffaeb8, flags=CLONE_VM|CLONE_FS|CLONE_FILES|CLONE_SIGHAND|CLONE_THREAD|CLONE_SYSVSEM|CLONE_SETTLS|CLONE_PARENT_SETTID|0x400000, parent_tidptr=0x3f6bffaef8, tls=0x3f6bffaec0) = 1110
rt_sigaction(SIGUSR1, {sa_handler=0x426990, sa_mask=[], sa_flags=SA_RESTORER|SA_RESTART, sa_restorer=0x446620}, {sa_handler=SIG_DFL, sa_mask=[], sa_flags=0}, 8) = 0
ioctl(3, KVM_CHECK_EXTENSION, 0x24)     = 1
epoll_create1(0)                        = 8
eventfd2(0, 0)                          = 9
epoll_ctl(8, EPOLL_CTL_ADD, 9, {EPOLLIN, {u32=9, u64=9}}) = 0
mmap(NULL, 8396800, PROT_NONE, MAP_PRIVATE|MAP_ANONYMOUS, -1, 0) = 0x3f6aff7000
mprotect(0x3f6aff8000, 8392704, PROT_READ|PROT_WRITE) = 0
clone(child_stack=0x3f6b7f8eb8, flags=CLONE_VM|CLONE_FS|CLONE_FILES|CLONE_SIGHAND|CLONE_THREAD|CLONE_SYSVSEM|CLONE_SETTLS|CLONE_PARENT_SETTID|0x400000, parent_tidptr=0x3f6b7f8ef8, tls=0x3f6b7f8ec0) = 1111
ioctl(3, KVM_CHECK_EXTENSION, 0x42)     = 288
ioctl(3, KVM_CHECK_EXTENSION, 0x9)      = 240
eventfd2(0, 0)                          = 10
ioctl(4, KVM_CREATE_VCPU, 0)            = 11
ioctl(3, KVM_GET_VCPU_MMAP_SIZE, 0)     = 12288
mmap(NULL, 12288, PROT_READ|PROT_WRITE, MAP_SHARED, 11, 0) = 0x3f6aff3000
ioctl(3, KVM_CHECK_EXTENSION, 0xf)      = 2
ioctl(11, KVM_GET_LAPIC, 0x3fffffc4d0)  = 0
ioctl(11, KVM_SET_LAPIC, 0x3fffffc4d0)  = 0
ioctl(4, KVM_CREATE_VCPU, 0x1)          = 12
ioctl(3, KVM_GET_VCPU_MMAP_SIZE, 0)     = 12288
mmap(NULL, 12288, PROT_READ|PROT_WRITE, MAP_SHARED, 12, 0) = 0x3f6aff0000
ioctl(3, KVM_CHECK_EXTENSION, 0xf)      = 2
ioctl(12, KVM_GET_LAPIC, 0x3fffffc4d0)  = 0
ioctl(12, KVM_SET_LAPIC, 0x3fffffc4d0)  = 0
brk(0x54e000)                           = 0x54e000
ioctl(4, KVM_CREATE_VCPU, 0x2)          = 13
ioctl(3, KVM_GET_VCPU_MMAP_SIZE, 0)     = 12288
mmap(NULL, 12288, PROT_READ|PROT_WRITE, MAP_SHARED, 13, 0) = 0x3f6afed000
ioctl(3, KVM_CHECK_EXTENSION, 0xf)      = 2
ioctl(13, KVM_GET_LAPIC, 0x3fffffc4d0)  = 0
ioctl(13, KVM_SET_LAPIC, 0x3fffffc4d0)  = 0
ioctl(4, KVM_CREATE_VCPU, 0x3)          = 14
ioctl(3, KVM_GET_VCPU_MMAP_SIZE, 0)     = 12288
mmap(NULL, 12288, PROT_READ|PROT_WRITE, MAP_SHARED, 14, 0) = 0x3f6afea000
ioctl(3, KVM_CHECK_EXTENSION, 0xf)      = 2
ioctl(14, KVM_GET_LAPIC, 0x3fffffc4d0)  = 0
ioctl(14, KVM_SET_LAPIC, 0x3fffffc4d0)  = 0
ioctl(4, KVM_CREATE_VCPU, 0x4)          = 15
ioctl(3, KVM_GET_VCPU_MMAP_SIZE, 0)     = 12288
mmap(NULL, 12288, PROT_READ|PROT_WRITE, MAP_SHARED, 15, 0) = 0x3f6afe7000
ioctl(3, KVM_CHECK_EXTENSION, 0xf)      = 2
ioctl(15, KVM_GET_LAPIC, 0x3fffffc4d0)  = 0
ioctl(15, KVM_SET_LAPIC, 0x3fffffc4d0)  = 0
ioctl(4, KVM_CREATE_VCPU, 0x5)          = 16
ioctl(3, KVM_GET_VCPU_MMAP_SIZE, 0)     = 12288
mmap(NULL, 12288, PROT_READ|PROT_WRITE, MAP_SHARED, 16, 0) = 0x3f6afe4000
ioctl(3, KVM_CHECK_EXTENSION, 0xf)      = 2
ioctl(16, KVM_GET_LAPIC, 0x3fffffc4d0)  = 0
ioctl(16, KVM_SET_LAPIC, 0x3fffffc4d0)  = 0
brk(0x54f000)                           = 0x54f000
ioctl(4, KVM_CREATE_VCPU, 0x6)          = 17
ioctl(3, KVM_GET_VCPU_MMAP_SIZE, 0)     = 12288
mmap(NULL, 12288, PROT_READ|PROT_WRITE, MAP_SHARED, 17, 0) = 0x3f6afe1000
ioctl(3, KVM_CHECK_EXTENSION, 0xf)      = 2
ioctl(17, KVM_GET_LAPIC, 0x3fffffc4d0)  = 0
ioctl(17, KVM_SET_LAPIC, 0x3fffffc4d0)  = 0
ioctl(4, KVM_CREATE_VCPU, 0x7)          = 18
ioctl(3, KVM_GET_VCPU_MMAP_SIZE, 0)     = 12288
mmap(NULL, 12288, PROT_READ|PROT_WRITE, MAP_SHARED, 18, 0) = 0x3f6afde000
ioctl(3, KVM_CHECK_EXTENSION, 0xf)      = 2
ioctl(18, KVM_GET_LAPIC, 0x3fffffc4d0)  = 0
ioctl(18, KVM_SET_LAPIC, 0x3fffffc4d0)  = 0
ioctl(4, KVM_CREATE_VCPU, 0x8)          = 19
ioctl(3, KVM_GET_VCPU_MMAP_SIZE, 0)     = 12288
mmap(NULL, 12288, PROT_READ|PROT_WRITE, MAP_SHARED, 19, 0) = 0x3f6afdb000
ioctl(3, KVM_CHECK_EXTENSION, 0xf)      = 2
ioctl(19, KVM_GET_LAPIC, 0x3fffffc4d0)  = 0
ioctl(19, KVM_SET_LAPIC, 0x3fffffc4d0)  = 0
ioctl(4, KVM_CREATE_VCPU, 0x9)          = 20
ioctl(3, KVM_GET_VCPU_MMAP_SIZE, 0)     = 12288
mmap(NULL, 12288, PROT_READ|PROT_WRITE, MAP_SHARED, 20, 0) = 0x3f6afd8000
ioctl(3, KVM_CHECK_EXTENSION, 0xf)      = 2
ioctl(20, KVM_GET_LAPIC, 0x3fffffc4d0)  = 0
ioctl(20, KVM_SET_LAPIC, 0x3fffffc4d0)  = 0
brk(0x550000)                           = 0x550000
ioctl(4, KVM_CREATE_VCPU, 0xa)          = 21
ioctl(3, KVM_GET_VCPU_MMAP_SIZE, 0)     = 12288
mmap(NULL, 12288, PROT_READ|PROT_WRITE, MAP_SHARED, 21, 0) = 0x3f6afd5000
ioctl(3, KVM_CHECK_EXTENSION, 0xf)      = 2
ioctl(21, KVM_GET_LAPIC, 0x3fffffc4d0)  = 0
ioctl(21, KVM_SET_LAPIC, 0x3fffffc4d0)  = 0
ioctl(4, KVM_CREATE_VCPU, 0xb)          = 22
ioctl(3, KVM_GET_VCPU_MMAP_SIZE, 0)     = 12288
mmap(NULL, 12288, PROT_READ|PROT_WRITE, MAP_SHARED, 22, 0) = 0x3f6afd2000
ioctl(3, KVM_CHECK_EXTENSION, 0xf)      = 2
ioctl(22, KVM_GET_LAPIC, 0x3fffffc4d0)  = 0
ioctl(22, KVM_SET_LAPIC, 0x3fffffc4d0)  = 0
ioctl(4, KVM_CREATE_VCPU, 0xc)          = 23
ioctl(3, KVM_GET_VCPU_MMAP_SIZE, 0)     = 12288
mmap(NULL, 12288, PROT_READ|PROT_WRITE, MAP_SHARED, 23, 0) = 0x3f6afcf000
ioctl(3, KVM_CHECK_EXTENSION, 0xf)      = 2
ioctl(23, KVM_GET_LAPIC, 0x3fffffc4d0)  = 0
ioctl(23, KVM_SET_LAPIC, 0x3fffffc4d0)  = 0
ioctl(4, KVM_CREATE_VCPU, 0xd)          = 24
ioctl(3, KVM_GET_VCPU_MMAP_SIZE, 0)     = 12288
mmap(NULL, 12288, PROT_READ|PROT_WRITE, MAP_SHARED, 24, 0) = 0x3f6afcc000
ioctl(3, KVM_CHECK_EXTENSION, 0xf)      = 2
ioctl(24, KVM_GET_LAPIC, 0x3fffffc4d0)  = 0
ioctl(24, KVM_SET_LAPIC, 0x3fffffc4d0)  = 0
ioctl(4, KVM_CREATE_VCPU, 0xe)          = 25
ioctl(3, KVM_GET_VCPU_MMAP_SIZE, 0)     = 12288
mmap(NULL, 12288, PROT_READ|PROT_WRITE, MAP_SHARED, 25, 0) = 0x3f6afc9000
ioctl(3, KVM_CHECK_EXTENSION, 0xf)      = 2
ioctl(25, KVM_GET_LAPIC, 0x3fffffc4d0)  = 0
ioctl(25, KVM_SET_LAPIC, 0x3fffffc4d0)  = 0
brk(0x551000)                           = 0x551000
ioctl(4, KVM_CREATE_VCPU, 0xf)          = 26
ioctl(3, KVM_GET_VCPU_MMAP_SIZE, 0)     = 12288
mmap(NULL, 12288, PROT_READ|PROT_WRITE, MAP_SHARED, 26, 0) = 0x3f6afc6000
ioctl(3, KVM_CHECK_EXTENSION, 0xf)      = 2
ioctl(26, KVM_GET_LAPIC, 0x3fffffc4d0)  = 0
ioctl(26, KVM_SET_LAPIC, 0x3fffffc4d0)  = 0
ioctl(4, KVM_CREATE_VCPU, 0x10)         = 27
ioctl(3, KVM_GET_VCPU_MMAP_SIZE, 0)     = 12288
mmap(NULL, 12288, PROT_READ|PROT_WRITE, MAP_SHARED, 27, 0) = 0x3f6afc3000
ioctl(3, KVM_CHECK_EXTENSION, 0xf)      = 2
ioctl(27, KVM_GET_LAPIC, 0x3fffffc4d0)  = 0
ioctl(27, KVM_SET_LAPIC, 0x3fffffc4d0)  = 0
ioctl(4, KVM_CREATE_VCPU, 0x11)         = 28
ioctl(3, KVM_GET_VCPU_MMAP_SIZE, 0)     = 12288
mmap(NULL, 12288, PROT_READ|PROT_WRITE, MAP_SHARED, 28, 0) = 0x3f6afc0000
ioctl(3, KVM_CHECK_EXTENSION, 0xf)      = 2
ioctl(28, KVM_GET_LAPIC, 0x3fffffc4d0)  = 0
ioctl(28, KVM_SET_LAPIC, 0x3fffffc4d0)  = 0
ioctl(4, KVM_CREATE_VCPU, 0x12)         = 29
ioctl(3, KVM_GET_VCPU_MMAP_SIZE, 0)     = 12288
mmap(NULL, 12288, PROT_READ|PROT_WRITE, MAP_SHARED, 29, 0) = 0x3f6afbd000
ioctl(3, KVM_CHECK_EXTENSION, 0xf)      = 2
ioctl(29, KVM_GET_LAPIC, 0x3fffffc4d0)  = 0
ioctl(29, KVM_SET_LAPIC, 0x3fffffc4d0)  = 0
brk(0x552000)                           = 0x552000
ioctl(4, KVM_CREATE_VCPU, 0x13)         = 30
ioctl(3, KVM_GET_VCPU_MMAP_SIZE, 0)     = 12288
mmap(NULL, 12288, PROT_READ|PROT_WRITE, MAP_SHARED, 30, 0) = 0x3f6afba000
ioctl(3, KVM_CHECK_EXTENSION, 0xf)      = 2
ioctl(30, KVM_GET_LAPIC, 0x3fffffc4d0)  = 0
ioctl(30, KVM_SET_LAPIC, 0x3fffffc4d0)  = 0
ioctl(4, KVM_CREATE_VCPU, 0x14)         = 31
ioctl(3, KVM_GET_VCPU_MMAP_SIZE, 0)     = 12288
mmap(NULL, 12288, PROT_READ|PROT_WRITE, MAP_SHARED, 31, 0) = 0x3f6afb7000
ioctl(3, KVM_CHECK_EXTENSION, 0xf)      = 2
ioctl(31, KVM_GET_LAPIC, 0x3fffffc4d0)  = 0
ioctl(31, KVM_SET_LAPIC, 0x3fffffc4d0)  = 0
ioctl(4, KVM_CREATE_VCPU, 0x15)         = 32
ioctl(3, KVM_GET_VCPU_MMAP_SIZE, 0)     = 12288
mmap(NULL, 12288, PROT_READ|PROT_WRITE, MAP_SHARED, 32, 0) = 0x3f6afb4000
ioctl(3, KVM_CHECK_EXTENSION, 0xf)      = 2
ioctl(32, KVM_GET_LAPIC, 0x3fffffc4d0)  = 0
ioctl(32, KVM_SET_LAPIC, 0x3fffffc4d0)  = 0
ioctl(4, KVM_CREATE_VCPU, 0x16)         = 33
ioctl(3, KVM_GET_VCPU_MMAP_SIZE, 0)     = 12288
mmap(NULL, 12288, PROT_READ|PROT_WRITE, MAP_SHARED, 33, 0) = 0x3f6afb1000
ioctl(3, KVM_CHECK_EXTENSION, 0xf)      = 2
ioctl(33, KVM_GET_LAPIC, 0x3fffffc4d0)  = 0
ioctl(33, KVM_SET_LAPIC, 0x3fffffc4d0)  = 0
brk(0x553000)                           = 0x553000
ioctl(4, KVM_CREATE_VCPU, 0x17)         = 34
ioctl(3, KVM_GET_VCPU_MMAP_SIZE, 0)     = 12288
mmap(NULL, 12288, PROT_READ|PROT_WRITE, MAP_SHARED, 34, 0) = 0x3f6afae000
ioctl(3, KVM_CHECK_EXTENSION, 0xf)      = 2
ioctl(34, KVM_GET_LAPIC, 0x3fffffc4d0)  = 0
ioctl(34, KVM_SET_LAPIC, 0x3fffffc4d0)  = 0
ioctl(4, KVM_CREATE_VCPU, 0x18)         = 35
ioctl(3, KVM_GET_VCPU_MMAP_SIZE, 0)     = 12288
mmap(NULL, 12288, PROT_READ|PROT_WRITE, MAP_SHARED, 35, 0) = 0x3f6afab000
ioctl(3, KVM_CHECK_EXTENSION, 0xf)      = 2
ioctl(35, KVM_GET_LAPIC, 0x3fffffc4d0)  = 0
ioctl(35, KVM_SET_LAPIC, 0x3fffffc4d0)  = 0
ioctl(4, KVM_CREATE_VCPU, 0x19)         = 36
ioctl(3, KVM_GET_VCPU_MMAP_SIZE, 0)     = 12288
mmap(NULL, 12288, PROT_READ|PROT_WRITE, MAP_SHARED, 36, 0) = 0x3f6afa8000
ioctl(3, KVM_CHECK_EXTENSION, 0xf)      = 2
ioctl(36, KVM_GET_LAPIC, 0x3fffffc4d0)  = 0
ioctl(36, KVM_SET_LAPIC, 0x3fffffc4d0)  = 0
ioctl(4, KVM_CREATE_VCPU, 0x1a)         = 37
ioctl(3, KVM_GET_VCPU_MMAP_SIZE, 0)     = 12288
mmap(NULL, 12288, PROT_READ|PROT_WRITE, MAP_SHARED, 37, 0) = 0x3f6afa5000
ioctl(3, KVM_CHECK_EXTENSION, 0xf)      = 2
ioctl(37, KVM_GET_LAPIC, 0x3fffffc4d0)  = 0
ioctl(37, KVM_SET_LAPIC, 0x3fffffc4d0)  = 0
brk(0x554000)                           = 0x554000
ioctl(4, KVM_CREATE_VCPU, 0x1b)         = 38
ioctl(3, KVM_GET_VCPU_MMAP_SIZE, 0)     = 12288
mmap(NULL, 12288, PROT_READ|PROT_WRITE, MAP_SHARED, 38, 0) = 0x3f6afa2000
ioctl(3, KVM_CHECK_EXTENSION, 0xf)      = 2
ioctl(38, KVM_GET_LAPIC, 0x3fffffc4d0)  = 0
ioctl(38, KVM_SET_LAPIC, 0x3fffffc4d0)  = 0
ioctl(4, KVM_CREATE_VCPU, 0x1c)         = 39
ioctl(3, KVM_GET_VCPU_MMAP_SIZE, 0)     = 12288
mmap(NULL, 12288, PROT_READ|PROT_WRITE, MAP_SHARED, 39, 0) = 0x3f6af9f000
ioctl(3, KVM_CHECK_EXTENSION, 0xf)      = 2
ioctl(39, KVM_GET_LAPIC, 0x3fffffc4d0)  = 0
ioctl(39, KVM_SET_LAPIC, 0x3fffffc4d0)  = 0
ioctl(4, KVM_CREATE_VCPU, 0x1d)         = 40
ioctl(3, KVM_GET_VCPU_MMAP_SIZE, 0)     = 12288
mmap(NULL, 12288, PROT_READ|PROT_WRITE, MAP_SHARED, 40, 0) = 0x3f6af9c000
ioctl(3, KVM_CHECK_EXTENSION, 0xf)      = 2
ioctl(40, KVM_GET_LAPIC, 0x3fffffc4d0)  = 0
ioctl(40, KVM_SET_LAPIC, 0x3fffffc4d0)  = 0
ioctl(4, KVM_CREATE_VCPU, 0x1e)         = 41
ioctl(3, KVM_GET_VCPU_MMAP_SIZE, 0)     = 12288
mmap(NULL, 12288, PROT_READ|PROT_WRITE, MAP_SHARED, 41, 0) = 0x3f6af99000
ioctl(3, KVM_CHECK_EXTENSION, 0xf)      = 2
ioctl(41, KVM_GET_LAPIC, 0x3fffffc4d0)  = 0
ioctl(41, KVM_SET_LAPIC, 0x3fffffc4d0)  = 0
ioctl(4, KVM_CREATE_VCPU, 0x1f)         = 42
ioctl(3, KVM_GET_VCPU_MMAP_SIZE, 0)     = 12288
mmap(NULL, 12288, PROT_READ|PROT_WRITE, MAP_SHARED, 42, 0) = 0x3f6af96000
ioctl(3, KVM_CHECK_EXTENSION, 0xf)      = 2
ioctl(42, KVM_GET_LAPIC, 0x3fffffc4d0)  = 0
ioctl(42, KVM_SET_LAPIC, 0x3fffffc4d0)  = 0
brk(0x555000)                           = 0x555000
ioctl(4, KVM_SET_GSI_ROUTING, 0x553fa0) = 0
brk(0x556000)                           = 0x556000
stat("../x86.img", {st_mode=S_IFREG|0644, st_size=4294967296, ...}) = 0
open("../x86.img", O_RDWR)              = 43
pread64(43, "\353c\220\20\216\320\274\0\260\270\0\0\216\330\216\300\373\276\0|\277\0\6\271\0\2\363\244\352!\6\0"..., 48, 0) = 48
pread64(43, "\353c\220\20\216\320\274\0\260\270\0\0\216\330\216\300\373\276\0|\277\0\6\271\0\2\363\244\352!\6\0"..., 72, 0) = 72
ioctl(0, TIOCGWINSZ, {ws_row=24, ws_col=120, ws_xpixel=840, ws_ypixel=336}) = 0
ioctl(1, TIOCGWINSZ, {ws_row=24, ws_col=120, ws_xpixel=840, ws_ypixel=336}) = 0
ioctl(0, TCGETS, {B9600 opost isig icanon echo ...}) = 0
ioctl(0, SNDCTL_TMR_START or TCSETS, {B9600 opost -isig -icanon -echo ...}) = 0
mmap(NULL, 8396800, PROT_NONE, MAP_PRIVATE|MAP_ANONYMOUS, -1, 0) = 0x3f6a794000
mprotect(0x3f6a795000, 8392704, PROT_READ|PROT_WRITE) = 0
clone(child_stack=0x3f6af95eb8, flags=CLONE_VM|CLONE_FS|CLONE_FILES|CLONE_SIGHAND|CLONE_THREAD|CLONE_SYSVSEM|CLONE_SETTLS|CLONE_PARENT_SETTID|0x400000, parent_tidptr=0x3f6af95ef8, tls=0x3f6af95ec0) = 1112
rt_sigaction(SIGTERM, {sa_handler=0x410f80, sa_mask=[], sa_flags=SA_RESTORER|SA_RESTART, sa_restorer=0x446620}, {sa_handler=SIG_DFL, sa_mask=[], sa_flags=0}, 8) = 0
brk(0x557000)                           = 0x557000
ioctl(3, KVM_CHECK_EXTENSION, 0x4d)     = 1
brk(0x558000)                           = 0x558000
mmap(NULL, 1060864, PROT_READ|PROT_WRITE, MAP_PRIVATE|MAP_ANONYMOUS, -1, 0) = 0x3f6a691000
ioctl(3, KVM_CHECK_EXTENSION, 0x4d)     = 1
mmap(NULL, 33558528, PROT_READ|PROT_WRITE, MAP_PRIVATE|MAP_ANONYMOUS, -1, 0) = 0x3f68690000
munmap(0x3f68690000, 33558528)          = 0
sched_getaffinity(0, 128, [0, 1, 2, 3, 4, 5, 6, 7, 8, 9, 10, 11, 12, 13, 14, 15, 16, 17, 18, 19, 20, 21, 22, 23, 24, 25, 26, 27, 28, 29, 30, 31]) = 64
mmap(NULL, 8396800, PROT_NONE, MAP_PRIVATE|MAP_ANONYMOUS, -1, 0) = 0x3f69e8f000
mprotect(0x3f69e90000, 8392704, PROT_READ|PROT_WRITE) = 0
clone(child_stack=0x3f6a690eb8, flags=CLONE_VM|CLONE_FS|CLONE_FILES|CLONE_SIGHAND|CLONE_THREAD|CLONE_SYSVSEM|CLONE_SETTLS|CLONE_PARENT_SETTID|0x400000, parent_tidptr=0x3f6a690ef8, tls=0x3f6a690ec0) = 1113
mmap(NULL, 8396800, PROT_NONE, MAP_PRIVATE|MAP_ANONYMOUS, -1, 0) = 0x3f6968d000
mprotect(0x3f6968e000, 8392704, PROT_READ|PROT_WRITE) = 0
clone(child_stack=0x3f69e8eeb8, flags=CLONE_VM|CLONE_FS|CLONE_FILES|CLONE_SIGHAND|CLONE_THREAD|CLONE_SYSVSEM|CLONE_SETTLS|CLONE_PARENT_SETTID|0x400000, parent_tidptr=0x3f69e8eef8, tls=0x3f69e8eec0) = 1114
mmap(NULL, 8396800, PROT_NONE, MAP_PRIVATE|MAP_ANONYMOUS, -1, 0) = 0x3f68e8b000
mprotect(0x3f68e8c000, 8392704, PROT_READ|PROT_WRITE) = 0
clone(child_stack=0x3f6968ceb8, flags=CLONE_VM|CLONE_FS|CLONE_FILES|CLONE_SIGHAND|CLONE_THREAD|CLONE_SYSVSEM|CLONE_SETTLS|CLONE_PARENT_SETTID|0x400000, parent_tidptr=0x3f6968cef8, tls=0x3f6968cec0) = 1115
mmap(NULL, 8396800, PROT_NONE, MAP_PRIVATE|MAP_ANONYMOUS, -1, 0) = 0x3f68689000
mprotect(0x3f6868a000, 8392704, PROT_READ|PROT_WRITE) = 0
clone(child_stack=0x3f68e8aeb8, flags=CLONE_VM|CLONE_FS|CLONE_FILES|CLONE_SIGHAND|CLONE_THREAD|CLONE_SYSVSEM|CLONE_SETTLS|CLONE_PARENT_SETTID|0x400000, parent_tidptr=0x3f68e8aef8, tls=0x3f68e8aec0) = 1116
mmap(NULL, 8396800, PROT_NONE, MAP_PRIVATE|MAP_ANONYMOUS, -1, 0) = 0x3f67e87000
mprotect(0x3f67e88000, 8392704, PROT_READ|PROT_WRITE) = 0
clone(child_stack=0x3f68688eb8, flags=CLONE_VM|CLONE_FS|CLONE_FILES|CLONE_SIGHAND|CLONE_THREAD|CLONE_SYSVSEM|CLONE_SETTLS|CLONE_PARENT_SETTID|0x400000, parent_tidptr=0x3f68688ef8, tls=0x3f68688ec0) = 1117
mmap(NULL, 8396800, PROT_NONE, MAP_PRIVATE|MAP_ANONYMOUS, -1, 0) = 0x3f67685000
mprotect(0x3f67686000, 8392704, PROT_READ|PROT_WRITE) = 0
clone(child_stack=0x3f67e86eb8, flags=CLONE_VM|CLONE_FS|CLONE_FILES|CLONE_SIGHAND|CLONE_THREAD|CLONE_SYSVSEM|CLONE_SETTLS|CLONE_PARENT_SETTID|0x400000, parent_tidptr=0x3f67e86ef8, tls=0x3f67e86ec0) = 1118
mmap(NULL, 8396800, PROT_NONE, MAP_PRIVATE|MAP_ANONYMOUS, -1, 0) = 0x3f66e83000
mprotect(0x3f66e84000, 8392704, PROT_READ|PROT_WRITE) = 0
clone(child_stack=0x3f67684eb8, flags=CLONE_VM|CLONE_FS|CLONE_FILES|CLONE_SIGHAND|CLONE_THREAD|CLONE_SYSVSEM|CLONE_SETTLS|CLONE_PARENT_SETTID|0x400000, parent_tidptr=0x3f67684ef8, tls=0x3f67684ec0) = 1119
mmap(NULL, 8396800, PROT_NONE, MAP_PRIVATE|MAP_ANONYMOUS, -1, 0) = 0x3f66681000
mprotect(0x3f66682000, 8392704, PROT_READ|PROT_WRITE) = 0
clone(child_stack=0x3f66e82eb8, flags=CLONE_VM|CLONE_FS|CLONE_FILES|CLONE_SIGHAND|CLONE_THREAD|CLONE_SYSVSEM|CLONE_SETTLS|CLONE_PARENT_SETTID|0x400000, parent_tidptr=0x3f66e82ef8, tls=0x3f66e82ec0) = 1120
mmap(NULL, 8396800, PROT_NONE, MAP_PRIVATE|MAP_ANONYMOUS, -1, 0) = 0x3f65e7f000
mprotect(0x3f65e80000, 8392704, PROT_READ|PROT_WRITE) = 0
clone(child_stack=0x3f66680eb8, flags=CLONE_VM|CLONE_FS|CLONE_FILES|CLONE_SIGHAND|CLONE_THREAD|CLONE_SYSVSEM|CLONE_SETTLS|CLONE_PARENT_SETTID|0x400000, parent_tidptr=0x3f66680ef8, tls=0x3f66680ec0) = 1121
mmap(NULL, 8396800, PROT_NONE, MAP_PRIVATE|MAP_ANONYMOUS, -1, 0) = 0x3f6567d000
mprotect(0x3f6567e000, 8392704, PROT_READ|PROT_WRITE) = 0
clone(child_stack=0x3f65e7eeb8, flags=CLONE_VM|CLONE_FS|CLONE_FILES|CLONE_SIGHAND|CLONE_THREAD|CLONE_SYSVSEM|CLONE_SETTLS|CLONE_PARENT_SETTID|0x400000, parent_tidptr=0x3f65e7eef8, tls=0x3f65e7eec0) = 1122
mmap(NULL, 8396800, PROT_NONE, MAP_PRIVATE|MAP_ANONYMOUS, -1, 0) = 0x3f64e7b000
mprotect(0x3f64e7c000, 8392704, PROT_READ|PROT_WRITE) = 0
clone(child_stack=0x3f6567ceb8, flags=CLONE_VM|CLONE_FS|CLONE_FILES|CLONE_SIGHAND|CLONE_THREAD|CLONE_SYSVSEM|CLONE_SETTLS|CLONE_PARENT_SETTID|0x400000, parent_tidptr=0x3f6567cef8, tls=0x3f6567cec0) = 1123
mmap(NULL, 8396800, PROT_NONE, MAP_PRIVATE|MAP_ANONYMOUS, -1, 0) = 0x3f64679000
mprotect(0x3f6467a000, 8392704, PROT_READ|PROT_WRITE) = 0
clone(child_stack=0x3f64e7aeb8, flags=CLONE_VM|CLONE_FS|CLONE_FILES|CLONE_SIGHAND|CLONE_THREAD|CLONE_SYSVSEM|CLONE_SETTLS|CLONE_PARENT_SETTID|0x400000, parent_tidptr=0x3f64e7aef8, tls=0x3f64e7aec0) = 1124
mmap(NULL, 8396800, PROT_NONE, MAP_PRIVATE|MAP_ANONYMOUS, -1, 0) = 0x3f63e77000
mprotect(0x3f63e78000, 8392704, PROT_READ|PROT_WRITE) = 0
clone(child_stack=0x3f64678eb8, flags=CLONE_VM|CLONE_FS|CLONE_FILES|CLONE_SIGHAND|CLONE_THREAD|CLONE_SYSVSEM|CLONE_SETTLS|CLONE_PARENT_SETTID|0x400000, parent_tidptr=0x3f64678ef8, tls=0x3f64678ec0) = 1125
mmap(NULL, 8396800, PROT_NONE, MAP_PRIVATE|MAP_ANONYMOUS, -1, 0) = 0x3f63675000
mprotect(0x3f63676000, 8392704, PROT_READ|PROT_WRITE) = 0
clone(child_stack=0x3f63e76eb8, flags=CLONE_VM|CLONE_FS|CLONE_FILES|CLONE_SIGHAND|CLONE_THREAD|CLONE_SYSVSEM|CLONE_SETTLS|CLONE_PARENT_SETTID|0x400000, parent_tidptr=0x3f63e76ef8, tls=0x3f63e76ec0) = 1126
mmap(NULL, 8396800, PROT_NONE, MAP_PRIVATE|MAP_ANONYMOUS, -1, 0) = 0x3f62e73000
mprotect(0x3f62e74000, 8392704, PROT_READ|PROT_WRITE) = 0
clone(child_stack=0x3f63674eb8, flags=CLONE_VM|CLONE_FS|CLONE_FILES|CLONE_SIGHAND|CLONE_THREAD|CLONE_SYSVSEM|CLONE_SETTLS|CLONE_PARENT_SETTID|0x400000, parent_tidptr=0x3f63674ef8, tls=0x3f63674ec0) = 1127
mmap(NULL, 8396800, PROT_NONE, MAP_PRIVATE|MAP_ANONYMOUS, -1, 0) = 0x3f62671000
mprotect(0x3f62672000, 8392704, PROT_READ|PROT_WRITE) = 0
clone(child_stack=0x3f62e72eb8, flags=CLONE_VM|CLONE_FS|CLONE_FILES|CLONE_SIGHAND|CLONE_THREAD|CLONE_SYSVSEM|CLONE_SETTLS|CLONE_PARENT_SETTID|0x400000, parent_tidptr=0x3f62e72ef8, tls=0x3f62e72ec0) = 1128
mmap(NULL, 8396800, PROT_NONE, MAP_PRIVATE|MAP_ANONYMOUS, -1, 0) = 0x3f61e6f000
mprotect(0x3f61e70000, 8392704, PROT_READ|PROT_WRITE) = 0
clone(child_stack=0x3f62670eb8, flags=CLONE_VM|CLONE_FS|CLONE_FILES|CLONE_SIGHAND|CLONE_THREAD|CLONE_SYSVSEM|CLONE_SETTLS|CLONE_PARENT_SETTID|0x400000, parent_tidptr=0x3f62670ef8, tls=0x3f62670ec0) = 1129
mmap(NULL, 8396800, PROT_NONE, MAP_PRIVATE|MAP_ANONYMOUS, -1, 0) = 0x3f6166d000
mprotect(0x3f6166e000, 8392704, PROT_READ|PROT_WRITE) = 0
clone(child_stack=0x3f61e6eeb8, flags=CLONE_VM|CLONE_FS|CLONE_FILES|CLONE_SIGHAND|CLONE_THREAD|CLONE_SYSVSEM|CLONE_SETTLS|CLONE_PARENT_SETTID|0x400000, parent_tidptr=0x3f61e6eef8, tls=0x3f61e6eec0) = 1130
mmap(NULL, 8396800, PROT_NONE, MAP_PRIVATE|MAP_ANONYMOUS, -1, 0) = 0x3f60e6b000
mprotect(0x3f60e6c000, 8392704, PROT_READ|PROT_WRITE) = 0
clone(child_stack=0x3f6166ceb8, flags=CLONE_VM|CLONE_FS|CLONE_FILES|CLONE_SIGHAND|CLONE_THREAD|CLONE_SYSVSEM|CLONE_SETTLS|CLONE_PARENT_SETTID|0x400000, parent_tidptr=0x3f6166cef8, tls=0x3f6166cec0) = 1131
mmap(NULL, 8396800, PROT_NONE, MAP_PRIVATE|MAP_ANONYMOUS, -1, 0) = 0x3f60669000
mprotect(0x3f6066a000, 8392704, PROT_READ|PROT_WRITE) = 0
clone(child_stack=0x3f60e6aeb8, flags=CLONE_VM|CLONE_FS|CLONE_FILES|CLONE_SIGHAND|CLONE_THREAD|CLONE_SYSVSEM|CLONE_SETTLS|CLONE_PARENT_SETTID|0x400000, parent_tidptr=0x3f60e6aef8, tls=0x3f60e6aec0) = 1132
mmap(NULL, 8396800, PROT_NONE, MAP_PRIVATE|MAP_ANONYMOUS, -1, 0) = 0x3f5fe67000
mprotect(0x3f5fe68000, 8392704, PROT_READ|PROT_WRITE) = 0
clone(child_stack=0x3f60668eb8, flags=CLONE_VM|CLONE_FS|CLONE_FILES|CLONE_SIGHAND|CLONE_THREAD|CLONE_SYSVSEM|CLONE_SETTLS|CLONE_PARENT_SETTID|0x400000, parent_tidptr=0x3f60668ef8, tls=0x3f60668ec0) = 1133
mmap(NULL, 8396800, PROT_NONE, MAP_PRIVATE|MAP_ANONYMOUS, -1, 0) = 0x3f5f665000
mprotect(0x3f5f666000, 8392704, PROT_READ|PROT_WRITE) = 0
clone(child_stack=0x3f5fe66eb8, flags=CLONE_VM|CLONE_FS|CLONE_FILES|CLONE_SIGHAND|CLONE_THREAD|CLONE_SYSVSEM|CLONE_SETTLS|CLONE_PARENT_SETTID|0x400000, parent_tidptr=0x3f5fe66ef8, tls=0x3f5fe66ec0) = 1134
mmap(NULL, 8396800, PROT_NONE, MAP_PRIVATE|MAP_ANONYMOUS, -1, 0) = 0x3f5ee63000
mprotect(0x3f5ee64000, 8392704, PROT_READ|PROT_WRITE) = 0
clone(child_stack=0x3f5f664eb8, flags=CLONE_VM|CLONE_FS|CLONE_FILES|CLONE_SIGHAND|CLONE_THREAD|CLONE_SYSVSEM|CLONE_SETTLS|CLONE_PARENT_SETTID|0x400000, parent_tidptr=0x3f5f664ef8, tls=0x3f5f664ec0) = 1135
mmap(NULL, 8396800, PROT_NONE, MAP_PRIVATE|MAP_ANONYMOUS, -1, 0) = 0x3f5e661000
mprotect(0x3f5e662000, 8392704, PROT_READ|PROT_WRITE) = 0
clone(child_stack=0x3f5ee62eb8, flags=CLONE_VM|CLONE_FS|CLONE_FILES|CLONE_SIGHAND|CLONE_THREAD|CLONE_SYSVSEM|CLONE_SETTLS|CLONE_PARENT_SETTID|0x400000, parent_tidptr=0x3f5ee62ef8, tls=0x3f5ee62ec0) = 1136
mmap(NULL, 8396800, PROT_NONE, MAP_PRIVATE|MAP_ANONYMOUS, -1, 0) = 0x3f5de5f000
mprotect(0x3f5de60000, 8392704, PROT_READ|PROT_WRITE) = 0
clone(child_stack=0x3f5e660eb8, flags=CLONE_VM|CLONE_FS|CLONE_FILES|CLONE_SIGHAND|CLONE_THREAD|CLONE_SYSVSEM|CLONE_SETTLS|CLONE_PARENT_SETTID|0x400000, parent_tidptr=0x3f5e660ef8, tls=0x3f5e660ec0) = 1137
mmap(NULL, 8396800, PROT_NONE, MAP_PRIVATE|MAP_ANONYMOUS, -1, 0) = 0x3f5d65d000
mprotect(0x3f5d65e000, 8392704, PROT_READ|PROT_WRITE) = 0
clone(child_stack=0x3f5de5eeb8, flags=CLONE_VM|CLONE_FS|CLONE_FILES|CLONE_SIGHAND|CLONE_THREAD|CLONE_SYSVSEM|CLONE_SETTLS|CLONE_PARENT_SETTID|0x400000, parent_tidptr=0x3f5de5eef8, tls=0x3f5de5eec0) = 1138
mmap(NULL, 8396800, PROT_NONE, MAP_PRIVATE|MAP_ANONYMOUS, -1, 0) = 0x3f5ce5b000
mprotect(0x3f5ce5c000, 8392704, PROT_READ|PROT_WRITE) = 0
clone(child_stack=0x3f5d65ceb8, flags=CLONE_VM|CLONE_FS|CLONE_FILES|CLONE_SIGHAND|CLONE_THREAD|CLONE_SYSVSEM|CLONE_SETTLS|CLONE_PARENT_SETTID|0x400000, parent_tidptr=0x3f5d65cef8, tls=0x3f5d65cec0) = 1139
mmap(NULL, 8396800, PROT_NONE, MAP_PRIVATE|MAP_ANONYMOUS, -1, 0) = 0x3f5c659000
mprotect(0x3f5c65a000, 8392704, PROT_READ|PROT_WRITE) = 0
clone(child_stack=0x3f5ce5aeb8, flags=CLONE_VM|CLONE_FS|CLONE_FILES|CLONE_SIGHAND|CLONE_THREAD|CLONE_SYSVSEM|CLONE_SETTLS|CLONE_PARENT_SETTID|0x400000, parent_tidptr=0x3f5ce5aef8, tls=0x3f5ce5aec0) = 1140
mmap(NULL, 8396800, PROT_NONE, MAP_PRIVATE|MAP_ANONYMOUS, -1, 0) = 0x3f5be57000
mprotect(0x3f5be58000, 8392704, PROT_READ|PROT_WRITE) = 0
clone(child_stack=0x3f5c658eb8, flags=CLONE_VM|CLONE_FS|CLONE_FILES|CLONE_SIGHAND|CLONE_THREAD|CLONE_SYSVSEM|CLONE_SETTLS|CLONE_PARENT_SETTID|0x400000, parent_tidptr=0x3f5c658ef8, tls=0x3f5c658ec0) = 1141
mmap(NULL, 8396800, PROT_NONE, MAP_PRIVATE|MAP_ANONYMOUS, -1, 0) = 0x3f5b655000
mprotect(0x3f5b656000, 8392704, PROT_READ|PROT_WRITE) = 0
clone(child_stack=0x3f5be56eb8, flags=CLONE_VM|CLONE_FS|CLONE_FILES|CLONE_SIGHAND|CLONE_THREAD|CLONE_SYSVSEM|CLONE_SETTLS|CLONE_PARENT_SETTID|0x400000, parent_tidptr=0x3f5be56ef8, tls=0x3f5be56ec0) = 1142
mmap(NULL, 8396800, PROT_NONE, MAP_PRIVATE|MAP_ANONYMOUS, -1, 0) = 0x3f5ae53000
mprotect(0x3f5ae54000, 8392704, PROT_READ|PROT_WRITE) = 0
clone(child_stack=0x3f5b654eb8, flags=CLONE_VM|CLONE_FS|CLONE_FILES|CLONE_SIGHAND|CLONE_THREAD|CLONE_SYSVSEM|CLONE_SETTLS|CLONE_PARENT_SETTID|0x400000, parent_tidptr=0x3f5b654ef8, tls=0x3f5b654ec0) = 1143
mmap(NULL, 8396800, PROT_NONE, MAP_PRIVATE|MAP_ANONYMOUS, -1, 0) = 0x3f5a651000
mprotect(0x3f5a652000, 8392704, PROT_READ|PROT_WRITE) = 0
clone(child_stack=0x3f5ae52eb8, flags=CLONE_VM|CLONE_FS|CLONE_FILES|CLONE_SIGHAND|CLONE_THREAD|CLONE_SYSVSEM|CLONE_SETTLS|CLONE_PARENT_SETTID|0x400000, parent_tidptr=0x3f5ae52ef8, tls=0x3f5ae52ec0) = 1144
mmap(NULL, 8396800, PROT_NONE, MAP_PRIVATE|MAP_ANONYMOUS, -1, 0) = 0x3f59e4f000
mprotect(0x3f59e50000, 8392704, PROT_READ|PROT_WRITE) = 0
clone(child_stack=0x3f5a650eb8, flags=CLONE_VM|CLONE_FS|CLONE_FILES|CLONE_SIGHAND|CLONE_THREAD|CLONE_SYSVSEM|CLONE_SETTLS|CLONE_PARENT_SETTID|0x400000, parent_tidptr=0x3f5a650ef8, tls=0x3f5a650ec0) = 1145
mmap(NULL, 8396800, PROT_NONE, MAP_PRIVATE|MAP_ANONYMOUS, -1, 0) = 0x3f5964d000
mprotect(0x3f5964e000, 8392704, PROT_READ|PROT_WRITE) = 0
clone(child_stack=0x3f59e4eeb8, flags=CLONE_VM|CLONE_FS|CLONE_FILES|CLONE_SIGHAND|CLONE_THREAD|CLONE_SYSVSEM|CLONE_SETTLS|CLONE_PARENT_SETTID|0x400000, parent_tidptr=0x3f59e4eef8, tls=0x3f59e4eec0) = 1146
mmap(NULL, 8396800, PROT_NONE, MAP_PRIVATE|MAP_ANONYMOUS, -1, 0) = 0x3f58e4b000
mprotect(0x3f58e4c000, 8392704, PROT_READ|PROT_WRITE) = 0
clone(child_stack=0x3f5964ceb8, flags=CLONE_VM|CLONE_FS|CLONE_FILES|CLONE_SIGHAND|CLONE_THREAD|CLONE_SYSVSEM|CLONE_SETTLS|CLONE_PARENT_SETTID|0x400000, parent_tidptr=0x3f5964cef8, tls=0x3f5964cec0) = 1147
mmap(NULL, 8396800, PROT_NONE, MAP_PRIVATE|MAP_ANONYMOUS, -1, 0) = 0x3f58649000
mprotect(0x3f5864a000, 8392704, PROT_READ|PROT_WRITE) = 0
clone(child_stack=0x3f58e4aeb8, flags=CLONE_VM|CLONE_FS|CLONE_FILES|CLONE_SIGHAND|CLONE_THREAD|CLONE_SYSVSEM|CLONE_SETTLS|CLONE_PARENT_SETTID|0x400000, parent_tidptr=0x3f58e4aef8, tls=0x3f58e4aec0) = 1148
mmap(NULL, 8396800, PROT_NONE, MAP_PRIVATE|MAP_ANONYMOUS, -1, 0) = 0x3f57e47000
mprotect(0x3f57e48000, 8392704, PROT_READ|PROT_WRITE) = 0
clone(child_stack=0x3f58648eb8, flags=CLONE_VM|CLONE_FS|CLONE_FILES|CLONE_SIGHAND|CLONE_THREAD|CLONE_SYSVSEM|CLONE_SETTLS|CLONE_PARENT_SETTID|0x400000, parent_tidptr=0x3f58648ef8, tls=0x3f58648ec0) = 1149
mmap(NULL, 8396800, PROT_NONE, MAP_PRIVATE|MAP_ANONYMOUS, -1, 0) = 0x3f57645000
mprotect(0x3f57646000, 8392704, PROT_READ|PROT_WRITE) = 0
clone(child_stack=0x3f57e46eb8, flags=CLONE_VM|CLONE_FS|CLONE_FILES|CLONE_SIGHAND|CLONE_THREAD|CLONE_SYSVSEM|CLONE_SETTLS|CLONE_PARENT_SETTID|0x400000, parent_tidptr=0x3f57e46ef8, tls=0x3f57e46ec0) = 1150
mmap(NULL, 8396800, PROT_NONE, MAP_PRIVATE|MAP_ANONYMOUS, -1, 0) = 0x3f56e43000
mprotect(0x3f56e44000, 8392704, PROT_READ|PROT_WRITE) = 0
clone(child_stack=0x3f57644eb8, flags=CLONE_VM|CLONE_FS|CLONE_FILES|CLONE_SIGHAND|CLONE_THREAD|CLONE_SYSVSEM|CLONE_SETTLS|CLONE_PARENT_SETTID|0x400000, parent_tidptr=0x3f57644ef8, tls=0x3f57644ec0) = 1151
mmap(NULL, 8396800, PROT_NONE, MAP_PRIVATE|MAP_ANONYMOUS, -1, 0) = 0x3f56641000
mprotect(0x3f56642000, 8392704, PROT_READ|PROT_WRITE) = 0
clone(child_stack=0x3f56e42eb8, flags=CLONE_VM|CLONE_FS|CLONE_FILES|CLONE_SIGHAND|CLONE_THREAD|CLONE_SYSVSEM|CLONE_SETTLS|CLONE_PARENT_SETTID|0x400000, parent_tidptr=0x3f56e42ef8, tls=0x3f56e42ec0) = 1152
mmap(NULL, 8396800, PROT_NONE, MAP_PRIVATE|MAP_ANONYMOUS, -1, 0) = 0x3f55e3f000
mprotect(0x3f55e40000, 8392704, PROT_READ|PROT_WRITE) = 0
clone(child_stack=0x3f56640eb8, flags=CLONE_VM|CLONE_FS|CLONE_FILES|CLONE_SIGHAND|CLONE_THREAD|CLONE_SYSVSEM|CLONE_SETTLS|CLONE_PARENT_SETTID|0x400000, parent_tidptr=0x3f56640ef8, tls=0x3f56640ec0) = 1153
mmap(NULL, 8396800, PROT_NONE, MAP_PRIVATE|MAP_ANONYMOUS, -1, 0) = 0x3f5563d000
mprotect(0x3f5563e000, 8392704, PROT_READ|PROT_WRITE) = 0
clone(child_stack=0x3f55e3eeb8, flags=CLONE_VM|CLONE_FS|CLONE_FILES|CLONE_SIGHAND|CLONE_THREAD|CLONE_SYSVSEM|CLONE_SETTLS|CLONE_PARENT_SETTID|0x400000, parent_tidptr=0x3f55e3eef8, tls=0x3f55e3eec0) = 1154
mmap(NULL, 8396800, PROT_NONE, MAP_PRIVATE|MAP_ANONYMOUS, -1, 0) = 0x3f54e3b000
mprotect(0x3f54e3c000, 8392704, PROT_READ|PROT_WRITE) = 0
clone(child_stack=0x3f5563ceb8, flags=CLONE_VM|CLONE_FS|CLONE_FILES|CLONE_SIGHAND|CLONE_THREAD|CLONE_SYSVSEM|CLONE_SETTLS|CLONE_PARENT_SETTID|0x400000, parent_tidptr=0x3f5563cef8, tls=0x3f5563cec0) = 1155
mmap(NULL, 8396800, PROT_NONE, MAP_PRIVATE|MAP_ANONYMOUS, -1, 0) = 0x3f54639000
mprotect(0x3f5463a000, 8392704, PROT_READ|PROT_WRITE) = 0
clone(child_stack=0x3f54e3aeb8, flags=CLONE_VM|CLONE_FS|CLONE_FILES|CLONE_SIGHAND|CLONE_THREAD|CLONE_SYSVSEM|CLONE_SETTLS|CLONE_PARENT_SETTID|0x400000, parent_tidptr=0x3f54e3aef8, tls=0x3f54e3aec0) = 1156
mmap(NULL, 8396800, PROT_NONE, MAP_PRIVATE|MAP_ANONYMOUS, -1, 0) = 0x3f53e37000
mprotect(0x3f53e38000, 8392704, PROT_READ|PROT_WRITE) = 0
clone(child_stack=0x3f54638eb8, flags=CLONE_VM|CLONE_FS|CLONE_FILES|CLONE_SIGHAND|CLONE_THREAD|CLONE_SYSVSEM|CLONE_SETTLS|CLONE_PARENT_SETTID|0x400000, parent_tidptr=0x3f54638ef8, tls=0x3f54638ec0) = 1157
mmap(NULL, 8396800, PROT_NONE, MAP_PRIVATE|MAP_ANONYMOUS, -1, 0) = 0x3f53635000
mprotect(0x3f53636000, 8392704, PROT_READ|PROT_WRITE) = 0
clone(child_stack=0x3f53e36eb8, flags=CLONE_VM|CLONE_FS|CLONE_FILES|CLONE_SIGHAND|CLONE_THREAD|CLONE_SYSVSEM|CLONE_SETTLS|CLONE_PARENT_SETTID|0x400000, parent_tidptr=0x3f53e36ef8, tls=0x3f53e36ec0) = 1158
mmap(NULL, 8396800, PROT_NONE, MAP_PRIVATE|MAP_ANONYMOUS, -1, 0) = 0x3f52e33000
mprotect(0x3f52e34000, 8392704, PROT_READ|PROT_WRITE) = 0
clone(child_stack=0x3f53634eb8, flags=CLONE_VM|CLONE_FS|CLONE_FILES|CLONE_SIGHAND|CLONE_THREAD|CLONE_SYSVSEM|CLONE_SETTLS|CLONE_PARENT_SETTID|0x400000, parent_tidptr=0x3f53634ef8, tls=0x3f53634ec0) = 1159
mmap(NULL, 8396800, PROT_NONE, MAP_PRIVATE|MAP_ANONYMOUS, -1, 0) = 0x3f52631000
mprotect(0x3f52632000, 8392704, PROT_READ|PROT_WRITE) = 0
clone(child_stack=0x3f52e32eb8, flags=CLONE_VM|CLONE_FS|CLONE_FILES|CLONE_SIGHAND|CLONE_THREAD|CLONE_SYSVSEM|CLONE_SETTLS|CLONE_PARENT_SETTID|0x400000, parent_tidptr=0x3f52e32ef8, tls=0x3f52e32ec0) = 1160
mmap(NULL, 8396800, PROT_NONE, MAP_PRIVATE|MAP_ANONYMOUS, -1, 0) = 0x3f51e2f000
mprotect(0x3f51e30000, 8392704, PROT_READ|PROT_WRITE) = 0
clone(child_stack=0x3f52630eb8, flags=CLONE_VM|CLONE_FS|CLONE_FILES|CLONE_SIGHAND|CLONE_THREAD|CLONE_SYSVSEM|CLONE_SETTLS|CLONE_PARENT_SETTID|0x400000, parent_tidptr=0x3f52630ef8, tls=0x3f52630ec0) = 1161
mmap(NULL, 8396800, PROT_NONE, MAP_PRIVATE|MAP_ANONYMOUS, -1, 0) = 0x3f5162d000
mprotect(0x3f5162e000, 8392704, PROT_READ|PROT_WRITE) = 0
clone(child_stack=0x3f51e2eeb8, flags=CLONE_VM|CLONE_FS|CLONE_FILES|CLONE_SIGHAND|CLONE_THREAD|CLONE_SYSVSEM|CLONE_SETTLS|CLONE_PARENT_SETTID|0x400000, parent_tidptr=0x3f51e2eef8, tls=0x3f51e2eec0) = 1162
mmap(NULL, 8396800, PROT_NONE, MAP_PRIVATE|MAP_ANONYMOUS, -1, 0) = 0x3f50e2b000
mprotect(0x3f50e2c000, 8392704, PROT_READ|PROT_WRITE) = 0
clone(child_stack=0x3f5162ceb8, flags=CLONE_VM|CLONE_FS|CLONE_FILES|CLONE_SIGHAND|CLONE_THREAD|CLONE_SYSVSEM|CLONE_SETTLS|CLONE_PARENT_SETTID|0x400000, parent_tidptr=0x3f5162cef8, tls=0x3f5162cec0) = 1163
mmap(NULL, 8396800, PROT_NONE, MAP_PRIVATE|MAP_ANONYMOUS, -1, 0) = 0x3f50629000
mprotect(0x3f5062a000, 8392704, PROT_READ|PROT_WRITE) = 0
clone(child_stack=0x3f50e2aeb8, flags=CLONE_VM|CLONE_FS|CLONE_FILES|CLONE_SIGHAND|CLONE_THREAD|CLONE_SYSVSEM|CLONE_SETTLS|CLONE_PARENT_SETTID|0x400000, parent_tidptr=0x3f50e2aef8, tls=0x3f50e2aec0) = 1164
mmap(NULL, 8396800, PROT_NONE, MAP_PRIVATE|MAP_ANONYMOUS, -1, 0) = 0x3f4fe27000
mprotect(0x3f4fe28000, 8392704, PROT_READ|PROT_WRITE) = 0
clone(child_stack=0x3f50628eb8, flags=CLONE_VM|CLONE_FS|CLONE_FILES|CLONE_SIGHAND|CLONE_THREAD|CLONE_SYSVSEM|CLONE_SETTLS|CLONE_PARENT_SETTID|0x400000, parent_tidptr=0x3f50628ef8, tls=0x3f50628ec0) = 1165
mmap(NULL, 8396800, PROT_NONE, MAP_PRIVATE|MAP_ANONYMOUS, -1, 0) = 0x3f4f625000
mprotect(0x3f4f626000, 8392704, PROT_READ|PROT_WRITE) = 0
clone(child_stack=0x3f4fe26eb8, flags=CLONE_VM|CLONE_FS|CLONE_FILES|CLONE_SIGHAND|CLONE_THREAD|CLONE_SYSVSEM|CLONE_SETTLS|CLONE_PARENT_SETTID|0x400000, parent_tidptr=0x3f4fe26ef8, tls=0x3f4fe26ec0) = 1166
mmap(NULL, 8396800, PROT_NONE, MAP_PRIVATE|MAP_ANONYMOUS, -1, 0) = 0x3f4ee23000
mprotect(0x3f4ee24000, 8392704, PROT_READ|PROT_WRITE) = 0
clone(child_stack=0x3f4f624eb8, flags=CLONE_VM|CLONE_FS|CLONE_FILES|CLONE_SIGHAND|CLONE_THREAD|CLONE_SYSVSEM|CLONE_SETTLS|CLONE_PARENT_SETTID|0x400000, parent_tidptr=0x3f4f624ef8, tls=0x3f4f624ec0) = 1167
mmap(NULL, 8396800, PROT_NONE, MAP_PRIVATE|MAP_ANONYMOUS, -1, 0) = 0x3f4e621000
mprotect(0x3f4e622000, 8392704, PROT_READ|PROT_WRITE) = 0
clone(child_stack=0x3f4ee22eb8, flags=CLONE_VM|CLONE_FS|CLONE_FILES|CLONE_SIGHAND|CLONE_THREAD|CLONE_SYSVSEM|CLONE_SETTLS|CLONE_PARENT_SETTID|0x400000, parent_tidptr=0x3f4ee22ef8, tls=0x3f4ee22ec0) = 1168
mmap(NULL, 8396800, PROT_NONE, MAP_PRIVATE|MAP_ANONYMOUS, -1, 0) = 0x3f4de1f000
mprotect(0x3f4de20000, 8392704, PROT_READ|PROT_WRITE) = 0
clone(child_stack=0x3f4e620eb8, flags=CLONE_VM|CLONE_FS|CLONE_FILES|CLONE_SIGHAND|CLONE_THREAD|CLONE_SYSVSEM|CLONE_SETTLS|CLONE_PARENT_SETTID|0x400000, parent_tidptr=0x3f4e620ef8, tls=0x3f4e620ec0) = 1169
mmap(NULL, 8396800, PROT_NONE, MAP_PRIVATE|MAP_ANONYMOUS, -1, 0) = 0x3f4d61d000
mprotect(0x3f4d61e000, 8392704, PROT_READ|PROT_WRITE) = 0
clone(child_stack=0x3f4de1eeb8, flags=CLONE_VM|CLONE_FS|CLONE_FILES|CLONE_SIGHAND|CLONE_THREAD|CLONE_SYSVSEM|CLONE_SETTLS|CLONE_PARENT_SETTID|0x400000, parent_tidptr=0x3f4de1eef8, tls=0x3f4de1eec0) = 1170
mmap(NULL, 8396800, PROT_NONE, MAP_PRIVATE|MAP_ANONYMOUS, -1, 0) = 0x3f4ce1b000
mprotect(0x3f4ce1c000, 8392704, PROT_READ|PROT_WRITE) = 0
clone(child_stack=0x3f4d61ceb8, flags=CLONE_VM|CLONE_FS|CLONE_FILES|CLONE_SIGHAND|CLONE_THREAD|CLONE_SYSVSEM|CLONE_SETTLS|CLONE_PARENT_SETTID|0x400000, parent_tidptr=0x3f4d61cef8, tls=0x3f4d61cec0) = 1171
mmap(NULL, 8396800, PROT_NONE, MAP_PRIVATE|MAP_ANONYMOUS, -1, 0) = 0x3f4c619000
mprotect(0x3f4c61a000, 8392704, PROT_READ|PROT_WRITE) = 0
clone(child_stack=0x3f4ce1aeb8, flags=CLONE_VM|CLONE_FS|CLONE_FILES|CLONE_SIGHAND|CLONE_THREAD|CLONE_SYSVSEM|CLONE_SETTLS|CLONE_PARENT_SETTID|0x400000, parent_tidptr=0x3f4ce1aef8, tls=0x3f4ce1aec0) = 1172
mmap(NULL, 8396800, PROT_NONE, MAP_PRIVATE|MAP_ANONYMOUS, -1, 0) = 0x3f4be17000
mprotect(0x3f4be18000, 8392704, PROT_READ|PROT_WRITE) = 0
clone(child_stack=0x3f4c618eb8, flags=CLONE_VM|CLONE_FS|CLONE_FILES|CLONE_SIGHAND|CLONE_THREAD|CLONE_SYSVSEM|CLONE_SETTLS|CLONE_PARENT_SETTID|0x400000, parent_tidptr=0x3f4c618ef8, tls=0x3f4c618ec0) = 1173
mmap(NULL, 8396800, PROT_NONE, MAP_PRIVATE|MAP_ANONYMOUS, -1, 0) = 0x3f4b615000
mprotect(0x3f4b616000, 8392704, PROT_READ|PROT_WRITE) = 0
clone(child_stack=0x3f4be16eb8, flags=CLONE_VM|CLONE_FS|CLONE_FILES|CLONE_SIGHAND|CLONE_THREAD|CLONE_SYSVSEM|CLONE_SETTLS|CLONE_PARENT_SETTID|0x400000, parent_tidptr=0x3f4be16ef8, tls=0x3f4be16ec0) = 1174
mmap(NULL, 8396800, PROT_NONE, MAP_PRIVATE|MAP_ANONYMOUS, -1, 0) = 0x3f4ae13000
mprotect(0x3f4ae14000, 8392704, PROT_READ|PROT_WRITE) = 0
clone(child_stack=0x3f4b614eb8, flags=CLONE_VM|CLONE_FS|CLONE_FILES|CLONE_SIGHAND|CLONE_THREAD|CLONE_SYSVSEM|CLONE_SETTLS|CLONE_PARENT_SETTID|0x400000, parent_tidptr=0x3f4b614ef8, tls=0x3f4b614ec0) = 1175
mmap(NULL, 8396800, PROT_NONE, MAP_PRIVATE|MAP_ANONYMOUS, -1, 0) = 0x3f4a611000
mprotect(0x3f4a612000, 8392704, PROT_READ|PROT_WRITE) = 0
clone(child_stack=0x3f4ae12eb8, flags=CLONE_VM|CLONE_FS|CLONE_FILES|CLONE_SIGHAND|CLONE_THREAD|CLONE_SYSVSEM|CLONE_SETTLS|CLONE_PARENT_SETTID|0x400000, parent_tidptr=0x3f4ae12ef8, tls=0x3f4ae12ec0) = 1176
futex(0x3f5a650ef8, FUTEX_WAIT_PRIVATE, 1145, NULL) = ?
+++ killed by SIGKILL +++
